  max and min array.cpp
C:\semester1\visualstudio\Int Array practice\Int Array practice\max and min array.cpp(7,20): error C2062: type 'int' unexpected
C:\semester1\visualstudio\Int Array practice\Int Array practice\max and min array.cpp(24,21): error C2563: mismatch in formal parameter list
C:\semester1\visualstudio\Int Array practice\Int Array practice\max and min array.cpp(24,21): error C2568: '<': unable to resolve function overload
C:\semester1\visualstudio\Int Array practice\Int Array practice\max and min array.cpp(24,21): message : could be '_Ty std::min(std::initializer_list<_Elem>)'
C:\semester1\visualstudio\Int Array practice\Int Array practice\max and min array.cpp(24,21): message : or       '_Ty std::min(std::initializer_list<_Elem>,_Pr)'
C:\semester1\visualstudio\Int Array practice\Int Array practice\max and min array.cpp(24,21): message : or       'const _Ty &std::min(const _Ty &,const _Ty &) noexcept(<expr>)'
C:\semester1\visualstudio\Int Array practice\Int Array practice\max and min array.cpp(24,21): message : or       'const _Ty &std::min(const _Ty &,const _Ty &,_Pr) noexcept(<expr>)'
C:\semester1\visualstudio\Int Array practice\Int Array practice\max and min array.cpp(26,8): error C2659: '=': function as left operand
C:\semester1\visualstudio\Int Array practice\Int Array practice\max and min array.cpp(31,7): error C2679: binary '<<': no operator found which takes a right-hand operand of type 'overloaded-function' (or there is no acceptable conversion)
C:\Program Files\Microsoft Visual Studio\2022\Community\VC\Tools\MSVC\14.37.32822\include\ostream(481,39): message : could be 'std::basic_ostream<char,std::char_traits<char>> &std::basic_ostream<char,std::char_traits<char>>::operator <<(std::basic_streambuf<char,std::char_traits<char>> *)'
C:\Program Files\Microsoft Visual Studio\2022\Community\VC\Tools\MSVC\14.37.32822\include\ostream(449,39): message : or       'std::basic_ostream<char,std::char_traits<char>> &std::basic_ostream<char,std::char_traits<char>>::operator <<(const void *)'
C:\Program Files\Microsoft Visual Studio\2022\Community\VC\Tools\MSVC\14.37.32822\include\ostream(431,39): message : or       'std::basic_ostream<char,std::char_traits<char>> &std::basic_ostream<char,std::char_traits<char>>::operator <<(long double)'
C:\Program Files\Microsoft Visual Studio\2022\Community\VC\Tools\MSVC\14.37.32822\include\ostream(413,39): message : or       'std::basic_ostream<char,std::char_traits<char>> &std::basic_ostream<char,std::char_traits<char>>::operator <<(double)'
C:\Program Files\Microsoft Visual Studio\2022\Community\VC\Tools\MSVC\14.37.32822\include\ostream(395,39): message : or       'std::basic_ostream<char,std::char_traits<char>> &std::basic_ostream<char,std::char_traits<char>>::operator <<(float)'
C:\Program Files\Microsoft Visual Studio\2022\Community\VC\Tools\MSVC\14.37.32822\include\ostream(377,39): message : or       'std::basic_ostream<char,std::char_traits<char>> &std::basic_ostream<char,std::char_traits<char>>::operator <<(unsigned __int64)'
C:\Program Files\Microsoft Visual Studio\2022\Community\VC\Tools\MSVC\14.37.32822\include\ostream(359,39): message : or       'std::basic_ostream<char,std::char_traits<char>> &std::basic_ostream<char,std::char_traits<char>>::operator <<(__int64)'
C:\Program Files\Microsoft Visual Studio\2022\Community\VC\Tools\MSVC\14.37.32822\include\ostream(341,39): message : or       'std::basic_ostream<char,std::char_traits<char>> &std::basic_ostream<char,std::char_traits<char>>::operator <<(unsigned long)'
C:\Program Files\Microsoft Visual Studio\2022\Community\VC\Tools\MSVC\14.37.32822\include\ostream(323,39): message : or       'std::basic_ostream<char,std::char_traits<char>> &std::basic_ostream<char,std::char_traits<char>>::operator <<(long)'
C:\Program Files\Microsoft Visual Studio\2022\Community\VC\Tools\MSVC\14.37.32822\include\ostream(304,39): message : or       'std::basic_ostream<char,std::char_traits<char>> &std::basic_ostream<char,std::char_traits<char>>::operator <<(unsigned int)'
C:\Program Files\Microsoft Visual Studio\2022\Community\VC\Tools\MSVC\14.37.32822\include\ostream(278,39): message : or       'std::basic_ostream<char,std::char_traits<char>> &std::basic_ostream<char,std::char_traits<char>>::operator <<(int)'
C:\Program Files\Microsoft Visual Studio\2022\Community\VC\Tools\MSVC\14.37.32822\include\ostream(259,39): message : or       'std::basic_ostream<char,std::char_traits<char>> &std::basic_ostream<char,std::char_traits<char>>::operator <<(unsigned short)'
C:\Program Files\Microsoft Visual Studio\2022\Community\VC\Tools\MSVC\14.37.32822\include\ostream(225,39): message : or       'std::basic_ostream<char,std::char_traits<char>> &std::basic_ostream<char,std::char_traits<char>>::operator <<(short)'
C:\Program Files\Microsoft Visual Studio\2022\Community\VC\Tools\MSVC\14.37.32822\include\ostream(207,39): message : or       'std::basic_ostream<char,std::char_traits<char>> &std::basic_ostream<char,std::char_traits<char>>::operator <<(bool)'
C:\Program Files\Microsoft Visual Studio\2022\Community\VC\Tools\MSVC\14.37.32822\include\ostream(201,39): message : or       'std::basic_ostream<char,std::char_traits<char>> &std::basic_ostream<char,std::char_traits<char>>::operator <<(std::ios_base &(__cdecl *)(std::ios_base &))'
C:\Program Files\Microsoft Visual Studio\2022\Community\VC\Tools\MSVC\14.37.32822\include\ostream(195,39): message : or       'std::basic_ostream<char,std::char_traits<char>> &std::basic_ostream<char,std::char_traits<char>>::operator <<(std::basic_ios<char,std::char_traits<char>> &(__cdecl *)(std::basic_ios<char,std::char_traits<char>> &))'
C:\Program Files\Microsoft Visual Studio\2022\Community\VC\Tools\MSVC\14.37.32822\include\ostream(190,39): message : or       'std::basic_ostream<char,std::char_traits<char>> &std::basic_ostream<char,std::char_traits<char>>::operator <<(std::basic_ostream<char,std::char_traits<char>> &(__cdecl *)(std::basic_ostream<char,std::char_traits<char>> &))'
C:\Program Files\Microsoft Visual Studio\2022\Community\VC\Tools\MSVC\14.37.32822\include\ostream(893,32): message : or       'std::basic_ostream<char,std::char_traits<char>> &std::operator <<<char,std::char_traits<char>>(std::basic_ostream<char,std::char_traits<char>> &,_Elem)'
          with
          [
              _Elem=char
          ]
C:\Program Files\Microsoft Visual Studio\2022\Community\VC\Tools\MSVC\14.37.32822\include\ostream(850,32): message : or       'std::basic_ostream<char,std::char_traits<char>> &std::operator <<<char,std::char_traits<char>>(std::basic_ostream<char,std::char_traits<char>> &,const _Elem *)'
          with
          [
              _Elem=char
          ]
C:\Program Files\Microsoft Visual Studio\2022\Community\VC\Tools\MSVC\14.37.32822\include\ostream(1081,32): message : or       'std::basic_ostream<_Elem,_Traits> &std::operator <<(std::basic_ostream<_Elem,_Traits> &,const std::error_code &)'
C:\semester1\visualstudio\Int Array practice\Int Array practice\max and min array.cpp(31,47): message : 'initializing': cannot convert from 'overloaded-function' to 'const std::error_code &'
C:\semester1\visualstudio\Int Array practice\Int Array practice\max and min array.cpp(31,47): message : Reason: cannot convert from 'overloaded-function' to 'const std::error_code'
C:\semester1\visualstudio\Int Array practice\Int Array practice\max and min array.cpp(31,47): message : 'std::error_code::error_code': no overloaded function could convert all the argument types
C:\Program Files\Microsoft Visual Studio\2022\Community\VC\Tools\MSVC\14.37.32822\include\system_error(255,1): message : could be 'std::error_code::error_code(std::error_code &&)'
C:\semester1\visualstudio\Int Array practice\Int Array practice\max and min array.cpp(31,47): message : 'std::error_code::error_code(std::error_code &&)': cannot convert argument 1 from 'overloaded-function' to 'std::error_code &&'
C:\semester1\visualstudio\Int Array practice\Int Array practice\max and min array.cpp(31,47): message : Reason: cannot convert from 'overloaded-function' to 'std::error_code'
C:\semester1\visualstudio\Int Array practice\Int Array practice\max and min array.cpp(31,47): message : Conversion requires a second user-defined-conversion operator or constructor
C:\Program Files\Microsoft Visual Studio\2022\Community\VC\Tools\MSVC\14.37.32822\include\system_error(255,1): message : or       'std::error_code::error_code(const std::error_code &)'
C:\semester1\visualstudio\Int Array practice\Int Array practice\max and min array.cpp(31,47): message : 'std::error_code::error_code(const std::error_code &)': cannot convert argument 1 from 'overloaded-function' to 'const std::error_code &'
C:\semester1\visualstudio\Int Array practice\Int Array practice\max and min array.cpp(31,47): message : Reason: cannot convert from 'overloaded-function' to 'const std::error_code'
C:\semester1\visualstudio\Int Array practice\Int Array practice\max and min array.cpp(31,47): message : Conversion requires a second user-defined-conversion operator or constructor
C:\Program Files\Microsoft Visual Studio\2022\Community\VC\Tools\MSVC\14.37.32822\include\system_error(168,5): message : or       'std::error_code::error_code(int,const std::error_category &) noexcept'
C:\semester1\visualstudio\Int Array practice\Int Array practice\max and min array.cpp(31,47): message : 'std::error_code::error_code': function does not take 1 arguments
C:\Program Files\Microsoft Visual Studio\2022\Community\VC\Tools\MSVC\14.37.32822\include\system_error(166,5): message : or       'std::error_code::error_code(void) noexcept'
C:\semester1\visualstudio\Int Array practice\Int Array practice\max and min array.cpp(31,47): message : 'std::error_code::error_code': function does not take 1 arguments
C:\Program Files\Microsoft Visual Studio\2022\Community\VC\Tools\MSVC\14.37.32822\include\system_error(171,5): message : or       'std::error_code::error_code(_Enum) noexcept'
C:\semester1\visualstudio\Int Array practice\Int Array practice\max and min array.cpp(31,47): message : while trying to match the argument list '(overloaded-function)'
C:\Program Files\Microsoft Visual Studio\2022\Community\VC\Tools\MSVC\14.37.32822\include\ostream(1004,9): message : or       '_Ostr &&std::operator <<(_Ostr &&,const _Ty &)'
C:\semester1\visualstudio\Int Array practice\Int Array practice\max and min array.cpp(31,7): message : '_Ostr &&std::operator <<(_Ostr &&,const _Ty &)': could not deduce template argument for '_Ty'
C:\Program Files\Microsoft Visual Studio\2022\Community\VC\Tools\MSVC\14.37.32822\include\ostream(946,31): message : or       'std::basic_ostream<char,_Traits> &std::operator <<(std::basic_ostream<char,_Traits> &,unsigned char)'
C:\semester1\visualstudio\Int Array practice\Int Array practice\max and min array.cpp(31,47): message : 'initializing': cannot convert from 'overloaded-function' to 'unsigned char'
C:\semester1\visualstudio\Int Array practice\Int Array practice\max and min array.cpp(31,47): message : Context does not allow for disambiguation of overloaded function
C:\Program Files\Microsoft Visual Studio\2022\Community\VC\Tools\MSVC\14.37.32822\include\ostream(940,31): message : or       'std::basic_ostream<char,_Traits> &std::operator <<(std::basic_ostream<char,_Traits> &,const unsigned char *)'
C:\semester1\visualstudio\Int Array practice\Int Array practice\max and min array.cpp(31,47): message : 'initializing': cannot convert from 'overloaded-function' to 'const unsigned char *'
C:\semester1\visualstudio\Int Array practice\Int Array practice\max and min array.cpp(31,47): message : Context does not allow for disambiguation of overloaded function
C:\Program Files\Microsoft Visual Studio\2022\Community\VC\Tools\MSVC\14.37.32822\include\ostream(935,31): message : or       'std::basic_ostream<char,_Traits> &std::operator <<(std::basic_ostream<char,_Traits> &,signed char)'
C:\semester1\visualstudio\Int Array practice\Int Array practice\max and min array.cpp(31,47): message : 'initializing': cannot convert from 'overloaded-function' to 'signed char'
C:\semester1\visualstudio\Int Array practice\Int Array practice\max and min array.cpp(31,47): message : Context does not allow for disambiguation of overloaded function
C:\Program Files\Microsoft Visual Studio\2022\Community\VC\Tools\MSVC\14.37.32822\include\ostream(929,31): message : or       'std::basic_ostream<char,_Traits> &std::operator <<(std::basic_ostream<char,_Traits> &,const signed char *)'
C:\semester1\visualstudio\Int Array practice\Int Array practice\max and min array.cpp(31,47): message : 'initializing': cannot convert from 'overloaded-function' to 'const signed char *'
C:\semester1\visualstudio\Int Array practice\Int Array practice\max and min array.cpp(31,47): message : Context does not allow for disambiguation of overloaded function
C:\Program Files\Microsoft Visual Studio\2022\Community\VC\Tools\MSVC\14.37.32822\include\ostream(812,31): message : or       'std::basic_ostream<char,_Traits> &std::operator <<(std::basic_ostream<char,_Traits> &,char)'
C:\semester1\visualstudio\Int Array practice\Int Array practice\max and min array.cpp(31,47): message : 'initializing': cannot convert from 'overloaded-function' to 'char'
C:\semester1\visualstudio\Int Array practice\Int Array practice\max and min array.cpp(31,47): message : Context does not allow for disambiguation of overloaded function
C:\Program Files\Microsoft Visual Studio\2022\Community\VC\Tools\MSVC\14.37.32822\include\ostream(767,31): message : or       'std::basic_ostream<char,_Traits> &std::operator <<(std::basic_ostream<char,_Traits> &,const char *)'
C:\semester1\visualstudio\Int Array practice\Int Array practice\max and min array.cpp(31,47): message : 'initializing': cannot convert from 'overloaded-function' to 'const char *'
C:\semester1\visualstudio\Int Array practice\Int Array practice\max and min array.cpp(31,47): message : Context does not allow for disambiguation of overloaded function
C:\Program Files\Microsoft Visual Studio\2022\Community\VC\Tools\MSVC\14.37.32822\include\ostream(731,32): message : or       'std::basic_ostream<_Elem,_Traits> &std::operator <<(std::basic_ostream<_Elem,_Traits> &,char)'
C:\semester1\visualstudio\Int Array practice\Int Array practice\max and min array.cpp(31,47): message : 'initializing': cannot convert from 'overloaded-function' to 'char'
C:\semester1\visualstudio\Int Array practice\Int Array practice\max and min array.cpp(31,47): message : Context does not allow for disambiguation of overloaded function
C:\Program Files\Microsoft Visual Studio\2022\Community\VC\Tools\MSVC\14.37.32822\include\ostream(687,32): message : or       'std::basic_ostream<_Elem,_Traits> &std::operator <<(std::basic_ostream<_Elem,_Traits> &,const char *)'
C:\semester1\visualstudio\Int Array practice\Int Array practice\max and min array.cpp(31,47): message : 'initializing': cannot convert from 'overloaded-function' to 'const char *'
C:\semester1\visualstudio\Int Array practice\Int Array practice\max and min array.cpp(31,47): message : Context does not allow for disambiguation of overloaded function
C:\Program Files\Microsoft Visual Studio\2022\Community\VC\Tools\MSVC\14.37.32822\include\memory(3641,32): message : or       'std::basic_ostream<_Elem,_Traits> &std::operator <<(std::basic_ostream<_Elem,_Traits> &,const std::unique_ptr<_Ty2,_Dx2> &)'
C:\semester1\visualstudio\Int Array practice\Int Array practice\max and min array.cpp(31,7): message : 'std::basic_ostream<_Elem,_Traits> &std::operator <<(std::basic_ostream<_Elem,_Traits> &,const std::unique_ptr<_Ty2,_Dx2> &)': could not deduce template argument for '_Yty'
C:\semester1\visualstudio\Int Array practice\Int Array practice\max and min array.cpp(31,7): message : 'std::basic_ostream<_Elem,_Traits> &std::operator <<(std::basic_ostream<_Elem,_Traits> &,const std::unique_ptr<_Ty2,_Dx2> &)': could not deduce template argument for '_Dx'
C:\Program Files\Microsoft Visual Studio\2022\Community\VC\Tools\MSVC\14.37.32822\include\memory(1988,32): message : or       'std::basic_ostream<_Elem,_Traits> &std::operator <<(std::basic_ostream<_Elem,_Traits> &,const std::shared_ptr<_Ty> &)'
C:\semester1\visualstudio\Int Array practice\Int Array practice\max and min array.cpp(31,7): message : 'std::basic_ostream<_Elem,_Traits> &std::operator <<(std::basic_ostream<_Elem,_Traits> &,const std::shared_ptr<_Ty> &)': could not deduce template argument for '_Ty'
C:\Program Files\Microsoft Visual Studio\2022\Community\VC\Tools\MSVC\14.37.32822\include\xstring(5185,32): message : or       'std::basic_ostream<_Elem,_Traits> &std::operator <<(std::basic_ostream<_Elem,_Traits> &,const std::basic_string<_Elem,_Traits,_Alloc> &)'
C:\semester1\visualstudio\Int Array practice\Int Array practice\max and min array.cpp(31,7): message : 'std::basic_ostream<_Elem,_Traits> &std::operator <<(std::basic_ostream<_Elem,_Traits> &,const std::basic_string<_Elem,_Traits,_Alloc> &)': could not deduce template argument for '_Alloc'
C:\semester1\visualstudio\Int Array practice\Int Array practice\max and min array.cpp(31,7): message : while trying to match the argument list '(std::basic_ostream<char,std::char_traits<char>>, overloaded-function)'
